Copyright 1986-2017 Xilinx, Inc. All Rights Reserved.
------------------------------------------------------------------------------------
| Tool Version : Vivado v.2017.4 (win64) Build 2086221 Fri Dec 15 20:55:39 MST 2017
| Date         : Wed Jun 14 23:15:41 2023
| Host         : DESKTOP-BFEUL52 running 64-bit major release  (build 9200)
| Command      : report_control_sets -verbose -file top_control_sets_placed.rpt
| Design       : top
| Device       : xc7a35t
------------------------------------------------------------------------------------

Control Set Information

Table of Contents
-----------------
1. Summary
2. Flip-Flop Distribution
3. Detailed Control Set Information

1. Summary
----------

+----------------------------------------------------------+-------+
|                          Status                          | Count |
+----------------------------------------------------------+-------+
| Number of unique control sets                            |    21 |
| Unused register locations in slices containing registers |    78 |
+----------------------------------------------------------+-------+


2. Flip-Flop Distribution
-------------------------

+--------------+-----------------------+------------------------+-----------------+--------------+
| Clock Enable | Synchronous Set/Reset | Asynchronous Set/Reset | Total Registers | Total Slices |
+--------------+-----------------------+------------------------+-----------------+--------------+
| No           | No                    | No                     |              49 |           24 |
| No           | No                    | Yes                    |             153 |           62 |
| No           | Yes                   | No                     |             167 |           51 |
| Yes          | No                    | No                     |               5 |            5 |
| Yes          | No                    | Yes                    |              42 |           15 |
| Yes          | Yes                   | No                     |              10 |            4 |
+--------------+-----------------------+------------------------+-----------------+--------------+


3. Detailed Control Set Information
-----------------------------------

+------------------------------+--------------------------------------------------+-------------------------------------+------------------+----------------+
|         Clock Signal         |                   Enable Signal                  |           Set/Reset Signal          | Slice Load Count | Bel Load Count |
+------------------------------+--------------------------------------------------+-------------------------------------+------------------+----------------+
|  clk_IBUF_BUFG               | U_keyboard/inst/Ps2Interface_i/ps2_clk_s1        | rst_IBUF                            |                1 |              1 |
|  clk_IBUF_BUFG               | U_keyboard/inst/Ps2Interface_i/ps2_data_s1       | rst_IBUF                            |                1 |              1 |
|  U_VGA/clk_wiz_0_inst/out[0] |                                                  | rst_IBUF                            |                2 |              2 |
|  U_speaker/Usc/p_0_in        |                                                  | rst_IBUF                            |                3 |              3 |
|  clk_IBUF_BUFG               | U_keyboard/inst/Ps2Interface_i/bits_count        | rst_IBUF                            |                2 |              4 |
|  clk_IBUF_BUFG               | U_FSM/state[4]_i_1_n_0                           |                                     |                5 |              5 |
|  clk_IBUF_BUFG               | U_keyboard/inst/Ps2Interface_i/rx_valid          | rst_IBUF                            |                3 |              8 |
|  clk_IBUF_BUFG               | U_keyboard/inst/Ps2Interface_i/rx_finish         | rst_IBUF                            |                2 |              8 |
|  clk_IBUF_BUFG               | U_keyboard/inst/E[0]                             | rst_IBUF                            |                2 |              9 |
|  U_100Hz/CLK                 |                                                  | rst_IBUF                            |                2 |             10 |
|  U_VGA/clk_wiz_0_inst/out[0] |                                                  | U_VGA/vga_inst/pixel_cnt[9]_i_1_n_0 |                4 |             10 |
|  U_VGA/clk_wiz_0_inst/out[0] | U_VGA/vga_inst/line_cnt                          | U_VGA/vga_inst/line_cnt[9]_i_1_n_0  |                4 |             10 |
|  clk_IBUF_BUFG               | U_keyboard/inst/Ps2Interface_i/frame[10]_i_1_n_0 | rst_IBUF                            |                4 |             11 |
|  U_VGA/clk_wiz_0_inst/out[0] |                                                  |                                     |                4 |             12 |
|  clk_IBUF_BUFG               |                                                  | u_led/n_reg[30]_0                   |                9 |             31 |
|  clk_IBUF_BUFG               |                                                  | U_in_btn/n[30]_i_1_n_0              |                9 |             31 |
|  clk_IBUF_BUFG               |                                                  | U_out_btn/n_reg[30]_0               |                9 |             31 |
|  clk_IBUF_BUFG               |                                                  | U_FSM/n[30]_i_1__1_n_0              |                9 |             31 |
|  clk_IBUF_BUFG               |                                                  | U_door/n_reg[30]_0                  |                9 |             31 |
|  clk_IBUF_BUFG               |                                                  |                                     |               20 |             37 |
|  clk_IBUF_BUFG               |                                                  | rst_IBUF                            |               57 |            140 |
+------------------------------+--------------------------------------------------+-------------------------------------+------------------+----------------+


+--------+-----------------------+
| Fanout | Number of ControlSets |
+--------+-----------------------+
| 1      |                     2 |
| 2      |                     1 |
| 3      |                     1 |
| 4      |                     1 |
| 5      |                     1 |
| 8      |                     2 |
| 9      |                     1 |
| 10     |                     3 |
| 11     |                     1 |
| 12     |                     1 |
| 16+    |                     7 |
+--------+-----------------------+


